<?xml version="1.0" encoding="UTF-8"?>
<!-- Generated by org.testng.reporters.JUnitXMLReporter -->
<testsuite hostname="DESKTOP-RPSK03F" ignored="2" name="Test" tests="1" failures="0" timestamp="2020-07-20T15:57:32 CDT" time="50.319" errors="0">
  <testcase name="LoginToSaleForceAndVerifyText" time="43.759" classname="MyPack.TestClass"/>
  <testcase name="login" time="0.0" classname="MyPack.TestClass">
    <ignored/>
  </testcase> <!-- login -->
  <testcase name="LoginToSaleForceAndClickOnHome" time="0.0" classname="MyPack.TestClass">
    <ignored/>
  </testcase> <!-- LoginToSaleForceAndClickOnHome -->
</testsuite> <!-- Test -->
