<?xml version="1.0" encoding="UTF-8"?>
<!-- Generated by org.testng.reporters.JUnitXMLReporter -->
<testsuite hostname="DESKTOP-RPSK03F" ignored="2" name="Default test(failed)(failed)" tests="1" failures="0" timestamp="2020-07-17T17:29:19 CDT" time="27.55" errors="0">
  <testcase name="LoginToSaleForceAndVerifyText" time="20.449" classname="MyPack.TestClass"/>
  <testcase name="login" time="0.0" classname="MyPack.TestClass">
    <ignored/>
  </testcase> <!-- login -->
  <testcase name="LoginToSaleForceAndClickOnHome" time="0.0" classname="MyPack.TestClass">
    <ignored/>
  </testcase> <!-- LoginToSaleForceAndClickOnHome -->
</testsuite> <!-- Default test(failed)(failed) -->
